<?xml version="1.0" encoding="UTF-8"?>
<testsuite xmlns:xsi="http://www.w3.org/2001/XMLSchema-instance" xsi:noNamespaceSchemaLocation="https://maven.apache.org/surefire/maven-surefire-plugin/xsd/surefire-test-report-3.0.xsd" version="3.0" name="com.example.multimoduleapplication.MultiModuleApplicationTests" time="3.532" tests="1" errors="0" skipped="0" failures="0">
  <properties>
[...]
</properties>
  <testcase name="contextLoads" classname="com.example.multimoduleapplication.MultiModuleApplicationTests" time="0.912">
    <system-out><![CDATA[11:14:05.168 [main] INFO org.springframework.test.context.support.AnnotationConfigContextLoaderUtils -- Could not detect default configuration classes for test class [com.example.multimoduleapplication.MultiModuleApplicationTests]: MultiModuleApplicationTests does not declare any static, non-private, non-final, nested classes annotated with @Configuration.
11:14:05.288 [main] INFO org.springframework.boot.test.context.SpringBootTestContextBootstrapper -- Found @SpringBootConfiguration com.example.multimoduleapplication.MultiModuleApplication for test class com.example.multimoduleapplication.MultiModuleApplicationTests
  .   ____          _            __ _ _
 /\\ / ___'_ __ _ _(_)_ __  __ _ \ \ \ \
( ( )\___ | '_ | '_| | '_ \/ _` | \ \ \ \
 \\/  ___)| |_)| | | | | || (_| |  ) ) ) )
  '  |____| .__|_| |_|_| |_\__, | / / / /
 =========|_|==============|___/=/_/_/_/

 :: Spring Boot ::                (v3.3.0)

2024-08-22T11:14:05.715+02:00  INFO 29168 --- [           main] c.e.m.MultiModuleApplicationTests        : Starting MultiModuleApplicationTests using Java 17.0.9 with PID 29168 (started by dusanpan in C:\Users\dusanpan\IdeaProjects\MultiModule\initial\application)
2024-08-22T11:14:05.716+02:00  INFO 29168 --- [           main] c.e.m.MultiModuleApplicationTests        : No active profile set, falling back to 1 default profile: "default"
2024-08-22T11:14:07.487+02:00  INFO 29168 --- [           main] o.s.b.a.e.web.EndpointLinksResolver      : Exposing 1 endpoint beneath base path '/actuator'
2024-08-22T11:14:07.548+02:00  INFO 29168 --- [           main] c.e.m.MultiModuleApplicationTests        : Started MultiModuleApplicationTests in 2.074 seconds (process running for 3.1)
]]></system-out>
  </testcase>
</testsuite>